  % Total    % Received % Xferd  Average Speed   Time    Time     Time  Current
                                 Dload  Upload   Total   Spent    Left  Speed
  0     0    0     0    0     0      0      0 --:--:-- --:--:-- --:--:--     0  0     0    0     0    0     0      0      0 --:--:-- --:--:-- --:--:--     0
curl: (60) SSL certificate problem: unable to get local issuer certificate
More details here: https://curl.haxx.se/docs/sslcerts.html

curl performs SSL certificate verification by default, using a "bundle"
 of Certificate Authority (CA) public keys (CA certs). If the default
 bundle file isn't adequate, you can specify an alternate file
 using the --cacert option.
If this HTTPS server uses a certificate signed by a CA represented in
 the bundle, the certificate verification probably failed due to a
 problem with the certificate (it might be expired, or the name might
 not match the domain name in the URL).
If you'd like to turn off curl's verification of the certificate, use
 the -k (or --insecure) option.
ERROR: LoadError: failed process: Process(`curl -g -L -f -o /Users/ponet/.julia/dev/DFControl/deps/cif2cell.tar.gz https://sourceforge.net/projects/cif2cell/files/latest/download`, ProcessExited(60)) [60]
Stacktrace:
 [1] error(::String, ::Base.Process, ::String, ::Int64, ::String) at ./error.jl:42
 [2] pipeline_error at ./process.jl:712 [inlined]
 [3] #run#539(::Bool, ::Function, ::Cmd) at ./process.jl:670
 [4] run at ./process.jl:668 [inlined]
 [5] download(::String, ::String) at ./download.jl:45
 [6] top-level scope
 [7] include at ./boot.jl:314 [inlined]
 [8] include_relative(::Module, ::String) at ./loading.jl:1067
 [9] include(::Module, ::String) at ./sysimg.jl:29
 [10] include(::String) at ./sysimg.jl:68
 [11] top-level scope
 [12] eval(::Module, ::Any) at ./boot.jl:317
in expression starting at /Users/ponet/.julia/dev/DFControl/deps/build.jl:18
